ď»ż[2026-06-16 23:36:16] PROMPT: every future prompt and summary of an output put in the prompts.log file starting from this one
[2026-06-16 23:36:25] --- TURN END ---

[2026-06-16 23:38:05] --- TURN END ---

[2026-06-16 23:38:33] --- TURN END ---

[2026-06-16 23:44:39] PROMPT: Analyse the logs/auth.log and logs/webserver.log, extract and interpret the available values and put them into a table
[2026-06-16 23:45:50] --- TURN END ---

[2026-06-16 23:49:00] PROMPT: how did you asses the severity based on the auth.log?
[2026-06-16 23:49:18] --- TURN END ---

[2026-06-17 00:01:59] PROMPT: Prepare an CLI tool in python for security log analysis. The tool has to process the webserver.log and auth.log files to identify security incidents (brute force, sql injection).I want the rules to be easily extensible (in lin with the Open Close Principle from SOLID) and the data processing to have a low memory footprint (using streaming/generators). Please suggest a suitable directory and class structure.
[2026-06-17 00:12:26] --- TURN END ---

[2026-06-17 00:13:54] PROMPT: â”ĽĂświetnie, przyjmijmy tâ”€Ă– strukturâ”€Ă–. Teraz skupmy siâ”€Ă– na parsowaniu. W pliku webserver.log mam standardowe linie CLF, ale pojawia siâ”€Ă– teâ”Ľâ•ť linia uszkodzona: [MALFORMED ENTRY - system restart. Z kolei auth.log to format Syslog.

Napiszmy moduâ”ĽĂ© parsera (np. przy uâ”Ľâ•ťyciu wyraâ”Ľâ•ťeâ”ĽĂ¤ regularnych Regex). Jak powinniâ”ĽĂ¸my obsâ”ĽĂ©uâ”Ľâ•ťyâ”€Ă§ tâ”€Ă– uszkodzonâ”€Ă  liniâ”€Ă– w kodzie produkcyjnym, aby program nie przerwaâ”ĽĂ© dziaâ”ĽĂ©ania, zalogowaâ”ĽĂ© bâ”ĽĂ©â”€Ă d i przetwarzaâ”ĽĂ© plik dalej? Wygeneruj kod moduâ”ĽĂ©u parsera z uwzglâ”€Ă–dnieniem tej obsâ”ĽĂ©ugi bâ”ĽĂ©â”€Ă–dâ”śâ”‚w.
[2026-06-17 00:16:17] --- TURN END ---

[2026-06-17 00:17:31] PROMPT: Teraz przejdâ”Ľâ•‘my do silnika detekcji (Analyzer). Musimy zaimplementowaâ”€Ă§ reguâ”ĽĂ©y dla:

SQL Injection w parametrach URL (pamiâ”€Ă–tajâ”€Ă c, â”Ľâ•ťe zwykâ”ĽĂ©e nazwisko 'O'Brien' nie jest atakiem).

Brute Force, ktâ”śâ”‚ry widaâ”€Ă§ w obu plikach logâ”śâ”‚w: to samo IP (10.0.0.50) generuje bâ”ĽĂ©â”€Ă–dy 401 na webie i 'Failed password' na SSH, a potem nastâ”€Ă–puje udane logowanie.

Jak moâ”Ľâ•ťemy efektywnie korelowaâ”€Ă§ te zdarzenia czasowo i po IP w pamiâ”€Ă–ci, nie blokujâ”€Ă c zasobâ”śâ”‚w? Zaproponuj implementacjâ”€Ă– silnika analizy reguâ”ĽĂ©.
[2026-06-17 00:22:27] --- TURN END ---

[2026-06-17 05:44:08] PROMPT: As a QA Engineer, I need to cover this code with robust automated tests using pytest. I want to test happy paths, negative scenarios, and edge cases alike.

Please prepare a suite of unit tests, including parameterized tests, to verify the following:

Whether the parser correctly extracts data from valid log lines.

Whether a corrupted line (MALFORMED ENTRY) raises the expected exception or is properly skipped.

Whether the rules engine accurately detects SQLi while ignoring 'O'Brien' (ensuring no False Positives).

Whether brute force attacks are correctly flagged.
[2026-06-17 06:05:14] --- TURN END ---

[2026-06-17 06:06:52] PROMPT: The business requirements mention a 'Production Context' (high data volume, continuous processing). Let's review the code we've written. How can we optimize it for performance? Should we implement multithreading/asynchrony, or is reading line-by-line (using generators) sufficient? Also, what metrics (e.g., line processing speed per second) would be worth collecting?
[2026-06-17 06:07:56] --- TURN END ---

[2026-06-17 06:09:24] PROMPT: Finally, please help me prepare a professional README.md file for the recruiter. I want it to include instructions on how to run the tool and the tests, a description of the architectural decisions (the rationale behind them), and a dedicated 'QA Approach' section explaining how I handled quality assurance, error handling, and the elimination of false positives.
[2026-06-17 06:13:57] --- TURN END ---

[2026-06-17 06:15:08] PROMPT: /simplify
[2026-06-17 06:27:22] --- TURN END ---

[2026-06-17 06:38:10] PROMPT: how to share this conversation with url?
[2026-06-17 06:38:20] --- TURN END ---

[2026-06-17 06:52:18] PROMPT: compare the compatibility of the project and task description in task_description.txt Do you have any ideas how to improve it but still be compatible with the task deescription?
[2026-06-17 06:53:39] --- TURN END ---

[2026-06-17 06:55:06] PROMPT: Add a WebScannerRule - fires when an IP makes more oe equal than N requests to distinct paths returning 403/404 within a short window. Would catch 172.16.0.20's recon sweep.
[2026-06-17 06:56:57] --- TURN END ---

[2026-06-17 06:58:49] PROMPT: Add a RapidRequestRule - fires when an IP sends more then N identical POST requests to the same endpoint within a very tight window (e.g., 2s). Catches the 10.0.0.99 API abuse, correlatable with the 429 response.
[2026-06-17 07:02:21] --- TURN END ---

